<?xml version="1.0" encoding="UTF-8"?>
<!-- Generated by org.testng.reporters.JUnitReportReporter -->
<testsuite skipped="0" hostname="DESKTOP-GNCD706" name="tests.LogInTest" tests="1" failures="0" timestamp="2022-08-27T09:49:33 EET" time="6.223" errors="0">
  <testcase name="testLogIn" time="6.223" classname="tests.LogInTest"/>
  <system-out/>
</testsuite> <!-- tests.LogInTest -->
