<?xml version="1.0" encoding="UTF-8"?>
<!-- Generated by org.testng.reporters.JUnitReportReporter -->
<testsuite skipped="0" hostname="DESKTOP-GNCD706" name="tests.SignUpTest" tests="1" failures="0" timestamp="2022-08-27T09:55:20 EET" time="9.392" errors="0">
  <testcase name="testSignUp" time="9.392" classname="tests.SignUpTest"/>
  <system-out/>
</testsuite> <!-- tests.SignUpTest -->
